生成启动时间为 2014/8/18/星期一 15:00:33。
     1>项目“C:\Users\Martin\Desktop\Jx3Hook\Jx3Server\Jx3Server\Jx3Server.vcxproj”在节点 2 上(build 个目标)。
     1>InitializeBuildStatus:
         正在创建“Debug\Jx3Server.unsuccessfulbuild”，因为已指定“AlwaysCreate”。
       ClCompile:
         所有输出均为最新。
         所有输出均为最新。
         D:\Development\Microsoft Visual Studio 10.0\VC\bin\CL.exe /c /ZI /nologo /W3 /WX- /Od /Oy- /D WIN32 /D _DEBUG /D _WINDOWS /D _USRDLL /D JX3SERVER_EXPORTS /D _WINDLL /D _UNICODE /D UNICODE /Gm /EHa /RTC1 /MDd /GS /fp:precise /Zc:wchar_t /Zc:forScope /Yu"StdAfx.h" /Fp"Debug\Jx3Server.pch" /Fo"Debug\\" /Fd"Debug\vc100.pdb" /Gd /TP /analyze- /errorReport:prompt Jx3Server.cpp
         Jx3Server.cpp
       ResourceCompile:
         所有输出均为最新。
       ManifestResourceCompile:
         所有输出均为最新。
       Link:
         D:\Development\Microsoft Visual Studio 10.0\VC\bin\link.exe /ERRORREPORT:PROMPT /OUT:"C:\Users\Martin\Desktop\Jx3Hook\Jx3Server\Debug\Jx3Server.dll" /INCREMENTAL /NOLOGO kernel32.lib user32.lib gdi32.lib winspool.lib comdlg32.lib advapi32.lib shell32.lib ole32.lib oleaut32.lib uuid.lib odbc32.lib odbccp32.lib /MANIFEST /ManifestFile:"Debug\Jx3Server.dll.intermediate.manifest" /MANIFESTUAC:"level='asInvoker' uiAccess='false'" /DEBUG /PDB:"C:\Users\Martin\Desktop\Jx3Hook\Jx3Server\Debug\Jx3Server.pdb" /SUBSYSTEM:WINDOWS /TLBID:1 /DYNAMICBASE /NXCOMPAT /IMPLIB:"C:\Users\Martin\Desktop\Jx3Hook\Jx3Server\Debug\Jx3Server.lib" /MACHINE:X86 /DLL Debug\Jx3Server.res
         Debug\Jx3Server.dll.embed.manifest.res
         Debug\dllmain.obj
         Debug\Jx3Server.obj
         Debug\Martin.obj
         Debug\stdafx.obj
       Manifest:
         c:\Program Files (x86)\Microsoft SDKs\Windows\v7.0A\bin\mt.exe /nologo /verbose /out:"Debug\Jx3Server.dll.embed.manifest" /manifest Debug\Jx3Server.dll.intermediate.manifest
         所有输出均为最新。
       LinkEmbedManifest:
         所有输出均为最新。
         Jx3Server.vcxproj -> C:\Users\Martin\Desktop\Jx3Hook\Jx3Server\Debug\Jx3Server.dll
       FinalizeBuildStatus:
         正在删除文件“Debug\Jx3Server.unsuccessfulbuild”。
         正在对“Debug\Jx3Server.lastbuildstate”执行 Touch 任务。
     1>已完成生成项目“C:\Users\Martin\Desktop\Jx3Hook\Jx3Server\Jx3Server\Jx3Server.vcxproj”(build 个目标)的操作。

生成成功。

已用时间 00:00:00.66
