E:\WORKSPACE\土鳖PVP宏\JX3SERVER\DEBUG\JX3SERVER.DLL
E:\WorkSpace\土鳖PVP宏\Jx3Server\Debug\Jx3Server.exp
E:\WORKSPACE\土鳖PVP宏\JX3SERVER\DEBUG\JX3SERVER.ILK
E:\WorkSpace\土鳖PVP宏\Jx3Server\Debug\Jx3Server.lib
E:\WORKSPACE\土鳖PVP宏\JX3SERVER\DEBUG\JX3SERVER.PDB
E:\WorkSpace\土鳖PVP宏\Jx3Server\Jx3Server\Debug\cl.command.1.tlog
E:\WorkSpace\土鳖PVP宏\Jx3Server\Jx3Server\Debug\CL.read.1.tlog
E:\WorkSpace\土鳖PVP宏\Jx3Server\Jx3Server\Debug\CL.write.1.tlog
E:\WORKSPACE\土鳖PVP宏\JX3SERVER\JX3SERVER\DEBUG\DLLMAIN.OBJ
E:\WORKSPACE\土鳖PVP宏\JX3SERVER\JX3SERVER\DEBUG\JX3SERVER.DLL.EMBED.MANIFEST
E:\WORKSPACE\土鳖PVP宏\JX3SERVER\JX3SERVER\DEBUG\JX3SERVER.DLL.EMBED.MANIFEST.RES
E:\WORKSPACE\土鳖PVP宏\JX3SERVER\JX3SERVER\DEBUG\JX3SERVER.DLL.INTERMEDIATE.MANIFEST
E:\WORKSPACE\土鳖PVP宏\JX3SERVER\JX3SERVER\DEBUG\JX3SERVER.OBJ
E:\WORKSPACE\土鳖PVP宏\JX3SERVER\JX3SERVER\DEBUG\JX3SERVER.PCH
E:\WorkSpace\土鳖PVP宏\Jx3Server\Jx3Server\Debug\Jx3Server.write.1.tlog
E:\WorkSpace\土鳖PVP宏\Jx3Server\Jx3Server\Debug\Jx3Server_manifest.rc
E:\WorkSpace\土鳖PVP宏\Jx3Server\Jx3Server\Debug\link.8716.read.1.tlog
E:\WorkSpace\土鳖PVP宏\Jx3Server\Jx3Server\Debug\link.8716.write.1.tlog
E:\WorkSpace\土鳖PVP宏\Jx3Server\Jx3Server\Debug\link.8716-cvtres.read.1.tlog
E:\WorkSpace\土鳖PVP宏\Jx3Server\Jx3Server\Debug\link.8716-cvtres.write.1.tlog
E:\WorkSpace\土鳖PVP宏\Jx3Server\Jx3Server\Debug\link.command.1.tlog
E:\WorkSpace\土鳖PVP宏\Jx3Server\Jx3Server\Debug\link.read.1.tlog
E:\WorkSpace\土鳖PVP宏\Jx3Server\Jx3Server\Debug\link.write.1.tlog
E:\WorkSpace\土鳖PVP宏\Jx3Server\Jx3Server\Debug\link-cvtres.read.1.tlog
E:\WorkSpace\土鳖PVP宏\Jx3Server\Jx3Server\Debug\link-cvtres.write.1.tlog
E:\WORKSPACE\土鳖PVP宏\JX3SERVER\JX3SERVER\DEBUG\MARTIN.OBJ
E:\WorkSpace\土鳖PVP宏\Jx3Server\Jx3Server\Debug\mt.command.1.tlog
E:\WorkSpace\土鳖PVP宏\Jx3Server\Jx3Server\Debug\mt.read.1.tlog
E:\WorkSpace\土鳖PVP宏\Jx3Server\Jx3Server\Debug\mt.write.1.tlog
E:\WorkSpace\土鳖PVP宏\Jx3Server\Jx3Server\Debug\rc.command.1.tlog
E:\WorkSpace\土鳖PVP宏\Jx3Server\Jx3Server\Debug\rc.read.1.tlog
E:\WorkSpace\土鳖PVP宏\Jx3Server\Jx3Server\Debug\rc.write.1.tlog
E:\WORKSPACE\土鳖PVP宏\JX3SERVER\JX3SERVER\DEBUG\STDAFX.OBJ
E:\WorkSpace\土鳖PVP宏\Jx3Server\Jx3Server\Debug\vc100.idb
E:\WORKSPACE\土鳖PVP宏\JX3SERVER\JX3SERVER\DEBUG\VC100.PDB
