C:\Users\Martin\Desktop\Jx3Hook\Hook\Hook\Release\allpurauthentic.tlh
C:\Users\Martin\Desktop\Jx3Hook\Hook\Hook\Release\allpurauthentic.tli
C:\Users\Martin\Desktop\Jx3Hook\Hook\Hook\Release\cl.command.1.tlog
C:\Users\Martin\Desktop\Jx3Hook\Hook\Hook\Release\CL.read.1.tlog
C:\Users\Martin\Desktop\Jx3Hook\Hook\Hook\Release\CL.write.1.tlog
C:\USERS\MARTIN\DESKTOP\JX3HOOK\HOOK\HOOK\RELEASE\HOOK.EXE.INTERMEDIATE.MANIFEST
C:\USERS\MARTIN\DESKTOP\JX3HOOK\HOOK\HOOK\RELEASE\HOOK.OBJ
C:\USERS\MARTIN\DESKTOP\JX3HOOK\HOOK\HOOK\RELEASE\HOOK.RES
C:\Users\Martin\Desktop\Jx3Hook\Hook\Hook\Release\Hook.vcxprojResolveAssemblyReference.cache
C:\Users\Martin\Desktop\Jx3Hook\Hook\Hook\Release\Hook.write.1.tlog
C:\Users\Martin\Desktop\Jx3Hook\Hook\Hook\Release\link.command.1.tlog
C:\Users\Martin\Desktop\Jx3Hook\Hook\Hook\Release\link.read.1.tlog
C:\Users\Martin\Desktop\Jx3Hook\Hook\Hook\Release\link.write.1.tlog
C:\Users\Martin\Desktop\Jx3Hook\Hook\Hook\Release\link-cvtres.read.1.tlog
C:\Users\Martin\Desktop\Jx3Hook\Hook\Hook\Release\link-cvtres.write.1.tlog
C:\USERS\MARTIN\DESKTOP\JX3HOOK\HOOK\HOOK\RELEASE\MARTIN.OBJ
C:\Users\Martin\Desktop\Jx3Hook\Hook\Hook\Release\mt.command.1.tlog
C:\Users\Martin\Desktop\Jx3Hook\Hook\Hook\Release\mt.read.1.tlog
C:\Users\Martin\Desktop\Jx3Hook\Hook\Hook\Release\mt.write.1.tlog
C:\Users\Martin\Desktop\Jx3Hook\Hook\Hook\Release\rc.command.1.tlog
C:\Users\Martin\Desktop\Jx3Hook\Hook\Hook\Release\rc.read.1.tlog
C:\Users\Martin\Desktop\Jx3Hook\Hook\Hook\Release\rc.write.1.tlog
C:\USERS\MARTIN\DESKTOP\JX3HOOK\HOOK\HOOK\RELEASE\SINK.OBJ
C:\USERS\MARTIN\DESKTOP\JX3HOOK\HOOK\HOOK\RELEASE\VC100.PDB
C:\USERS\MARTIN\DESKTOP\JX3HOOK\HOOK\RELEASE\HOOK.EXE
C:\USERS\MARTIN\DESKTOP\JX3HOOK\HOOK\RELEASE\HOOK.PDB
C:\USERS\MARTIN\DESKTOP\JX3SERVER\HOOK\HOOK\RELEASE\HOOK.EXE.INTERMEDIATE.MANIFEST
C:\USERS\MARTIN\DESKTOP\JX3SERVER\HOOK\HOOK\RELEASE\HOOK.OBJ
C:\USERS\MARTIN\DESKTOP\JX3SERVER\HOOK\HOOK\RELEASE\HOOK.RES
C:\USERS\MARTIN\DESKTOP\JX3SERVER\HOOK\HOOK\RELEASE\MARTIN.OBJ
C:\USERS\MARTIN\DESKTOP\JX3SERVER\HOOK\HOOK\RELEASE\SINK.OBJ
C:\USERS\MARTIN\DESKTOP\JX3SERVER\HOOK\HOOK\RELEASE\VC100.PDB
C:\USERS\MARTIN\DESKTOP\JX3SERVER\HOOK\RELEASE\HOOK.EXE
C:\USERS\MARTIN\DESKTOP\JX3SERVER\HOOK\RELEASE\HOOK.PDB
